<?xml version="1.0" encoding="UTF-8"?>
<testsuite xmlns:xsi="http://www.w3.org/2001/XMLSchema-instance" xsi:noNamespaceSchemaLocation="https://maven.apache.org/surefire/maven-surefire-plugin/xsd/surefire-test-report-3.0.xsd" version="3.0" name="pl.mb.testing.AccountTest" time="0.228" tests="16" errors="0" skipped="0" failures="0">
  <properties>
[...]
</properties>
  <testcase name="accountShouldBeActiveWhenDeliveryAddressIsNotNull" classname="pl.mb.testing.AccountTest" time="0.088">
    <system-err><![CDATA[mar 06, 2023 11:08:01 PM org.junit.jupiter.engine.discovery.MethodSelectorResolver resolve
WARNING: Possible configuration error: method [void pl.mb.testing.AccountTest.accountShouldBeActiveWhenDeliveryAddressIsNotNull()] resulted in multiple TestDescriptors [org.junit.jupiter.engine.descriptor.TestMethodTestDescriptor, org.junit.jupiter.engine.descriptor.TestTemplateTestDescriptor]. This is typically the result of annotating a method with multiple competing annotations such as @Test, @RepeatedTest, @ParameterizedTest, @TestFactory, etc.
mar 06, 2023 11:08:01 PM org.junit.jupiter.engine.discovery.MethodSelectorResolver resolve
WARNING: Possible configuration error: method [void pl.mb.testing.AccountTest.accountShouldBeActiveWhenDeliveryAddressIsNotNull()] resulted in multiple TestDescriptors [org.junit.jupiter.engine.descriptor.TestTemplateTestDescriptor, org.junit.jupiter.engine.descriptor.TestMethodTestDescriptor]. This is typically the result of annotating a method with multiple competing annotations such as @Test, @RepeatedTest, @ParameterizedTest, @TestFactory, etc.
]]></system-err>
  </testcase>
  <testcase name="accountShouldBeActiveWhenDeliveryAddressIsNotNull" classname="pl.mb.testing.AccountTest" time="0.003"/>
  <testcase name="accountShouldBeActiveWhenDeliveryAddressIsNotNull" classname="pl.mb.testing.AccountTest" time="0.002"/>
  <testcase name="accountShouldBeActiveWhenDeliveryAddressIsNotNull" classname="pl.mb.testing.AccountTest" time="0.002"/>
  <testcase name="accountShouldBeActiveWhenDeliveryAddressIsNotNull" classname="pl.mb.testing.AccountTest" time="0.002"/>
  <testcase name="accountShouldBeActiveWhenDeliveryAddressIsNotNull" classname="pl.mb.testing.AccountTest" time="0.001"/>
  <testcase name="accountShouldBeActiveWhenDeliveryAddressIsNotNull" classname="pl.mb.testing.AccountTest" time="0.001"/>
  <testcase name="accountShouldBeActiveWhenDeliveryAddressIsNotNull" classname="pl.mb.testing.AccountTest" time="0.002"/>
  <testcase name="accountShouldBeActiveWhenDeliveryAddressIsNotNull" classname="pl.mb.testing.AccountTest" time="0.001"/>
  <testcase name="accountShouldBeActiveWhenDeliveryAddressIsNotNull" classname="pl.mb.testing.AccountTest" time="0.001"/>
  <testcase name="accountShouldBeActiveWhenDeliveryAddressIsNotNull" classname="pl.mb.testing.AccountTest" time="0.001"/>
  <testcase name="invalidEmailShouldThrowException" classname="pl.mb.testing.AccountTest" time="0.005"/>
  <testcase name="newlyCreatedAccountShouldBeNotActive" classname="pl.mb.testing.AccountTest" time="0.015"/>
  <testcase name="accountShouldBeActiveAfterActivation" classname="pl.mb.testing.AccountTest" time="0.001"/>
  <testcase name="defaultDeliveryAddressShouldNotBeNullAfterBeingSet" classname="pl.mb.testing.AccountTest" time="0.005"/>
  <testcase name="newlyCreatedAccountShouldNotHaveDefaultDeliveryAddressSet" classname="pl.mb.testing.AccountTest" time="0.002"/>
</testsuite>